app/build/intermediates/manifest_merge_blame_file/release/processReleaseMainManifest/manifest-merger-blame-release-report.txt
1<?xml version="1.0" encoding="utf-8"?>
2<!--
3    Copyright 2019 Google Inc. All Rights Reserved.
4
5     Licensed under the Apache License, Version 2.0 (the "License");
6     you may not use this file except in compliance with the License.
7     You may obtain a copy of the License at
8
9         http://www.apache.org/licenses/LICENSE-2.0
10
11     Unless required by applicable law or agreed to in writing, software
12     distributed under the License is distributed on an "AS IS" BASIS,
13     WITHOUT WARRANTIES OR CONDITIONS OF ANY KIND, either express or implied.
14     See the License for the specific language governing permissions and
15     limitations under the License.
16-->
17<!--
18 The "package" attribute is rewritten by the Gradle build with the value of applicationId.
19     It is still required here, as it is used to derive paths, for instance when referring
20     to an Activity by ".MyActivity" instead of the full name. If more Activities are added to the
21     application, the package attribute will need to reflect the correct path in order to use
22     the abbreviated format.
23-->
24<manifest xmlns:android="http://schemas.android.com/apk/res/android"
25    package="olh.zenchat"
26    android:versionCode="3"
27    android:versionName="3" >
28
29    <uses-sdk
30        android:minSdkVersion="21"
31        android:targetSdkVersion="35" />
32
33    <uses-permission android:name="android.permission.POST_NOTIFICATIONS" />
33-->src\main\AndroidManifest.xml:26:9-80
33-->src\main\AndroidManifest.xml:26:26-78
34
35    <queries>
35-->[com.google.androidbrowserhelper:androidbrowserhelper:2.6.2] AndroidManifest.xml:22:5-30:15
36        <intent>
36-->[com.google.androidbrowserhelper:androidbrowserhelper:2.6.2] AndroidManifest.xml:23:9-29:18
37            <action android:name="android.intent.action.VIEW" />
37-->src\main\AndroidManifest.xml:148:17-68
37-->src\main\AndroidManifest.xml:148:25-66
38
39            <category android:name="android.intent.category.BROWSABLE" />
39-->src\main\AndroidManifest.xml:150:17-77
39-->src\main\AndroidManifest.xml:150:27-75
40
41            <data android:scheme="https" />
41-->src\main\AndroidManifest.xml:151:17-154:19
41-->src\main\AndroidManifest.xml:151:23-45
42        </intent>
43        <intent>
43-->[com.android.billingclient:billing:7.1.1] AndroidManifest.xml:13:9-15:18
44            <action android:name="com.android.vending.billing.InAppBillingService.BIND" />
44-->[com.android.billingclient:billing:7.1.1] AndroidManifest.xml:14:13-91
44-->[com.android.billingclient:billing:7.1.1] AndroidManifest.xml:14:21-88
45        </intent>
46        <intent>
46-->[com.android.billingclient:billing:7.1.1] AndroidManifest.xml:16:9-18:18
47            <action android:name="com.google.android.apps.play.billingtestcompanion.BillingOverrideService.BIND" />
47-->[com.android.billingclient:billing:7.1.1] AndroidManifest.xml:17:13-116
47-->[com.android.billingclient:billing:7.1.1] AndroidManifest.xml:17:21-113
48        </intent>
49    </queries>
50
51    <uses-permission android:name="com.android.vending.BILLING" />
51-->[com.android.billingclient:billing:7.1.1] AndroidManifest.xml:10:5-67
51-->[com.android.billingclient:billing:7.1.1] AndroidManifest.xml:10:22-64
52
53    <permission
53-->[androidx.core:core:1.13.0] AndroidManifest.xml:22:5-24:47
54        android:name="olh.zenchat.DYNAMIC_RECEIVER_NOT_EXPORTED_PERMISSION"
54-->[androidx.core:core:1.13.0] AndroidManifest.xml:23:9-81
55        android:protectionLevel="signature" />
55-->[androidx.core:core:1.13.0] AndroidManifest.xml:24:9-44
56
57    <uses-permission android:name="olh.zenchat.DYNAMIC_RECEIVER_NOT_EXPORTED_PERMISSION" /> <!-- Although the *SdkVersion is captured in gradle build files, this is required for non gradle builds -->
57-->[androidx.core:core:1.13.0] AndroidManifest.xml:26:5-97
57-->[androidx.core:core:1.13.0] AndroidManifest.xml:26:22-94
58    <!-- <uses-sdk android:minSdkVersion="14"/> -->
59    <uses-permission android:name="android.permission.ACCESS_NETWORK_STATE" />
59-->[com.google.android.datatransport:transport-backend-cct:3.1.8] AndroidManifest.xml:24:5-79
59-->[com.google.android.datatransport:transport-backend-cct:3.1.8] AndroidManifest.xml:24:22-76
60    <uses-permission android:name="android.permission.INTERNET" />
60-->[com.google.android.datatransport:transport-backend-cct:3.1.8] AndroidManifest.xml:25:5-67
60-->[com.google.android.datatransport:transport-backend-cct:3.1.8] AndroidManifest.xml:25:22-64
61
62    <application
62-->src\main\AndroidManifest.xml:35:5-224:19
63        android:name="olh.zenchat.Application"
63-->src\main\AndroidManifest.xml:36:9-35
64        android:allowBackup="true"
64-->src\main\AndroidManifest.xml:37:9-35
65        android:appComponentFactory="androidx.core.app.CoreComponentFactory"
65-->[androidx.core:core:1.13.0] AndroidManifest.xml:28:18-86
66        android:extractNativeLibs="true"
67        android:icon="@mipmap/ic_launcher"
67-->src\main\AndroidManifest.xml:38:9-43
68        android:label="@string/appName"
68-->src\main\AndroidManifest.xml:39:9-40
69        android:manageSpaceActivity="com.google.androidbrowserhelper.trusted.ManageDataLauncherActivity"
69-->src\main\AndroidManifest.xml:41:9-105
70        android:supportsRtl="true"
70-->src\main\AndroidManifest.xml:43:9-35
71        android:theme="@android:style/Theme.Translucent.NoTitleBar" >
71-->src\main\AndroidManifest.xml:44:9-68
72        <meta-data
72-->src\main\AndroidManifest.xml:46:9-48:58
73            android:name="asset_statements"
73-->src\main\AndroidManifest.xml:47:13-44
74            android:resource="@string/assetStatements" />
74-->src\main\AndroidManifest.xml:48:13-55
75        <meta-data
75-->src\main\AndroidManifest.xml:51:13-53:58
76            android:name="web_manifest_url"
76-->src\main\AndroidManifest.xml:52:17-48
77            android:value="@string/webManifestUrl" />
77-->src\main\AndroidManifest.xml:53:17-55
78        <meta-data
78-->src\main\AndroidManifest.xml:56:9-58:52
79            android:name="twa_generator"
79-->src\main\AndroidManifest.xml:57:13-41
80            android:value="@string/generatorApp" />
80-->src\main\AndroidManifest.xml:58:13-49
81
82        <activity
82-->src\main\AndroidManifest.xml:65:13-76:24
83            android:name="com.google.androidbrowserhelper.trusted.ManageDataLauncherActivity"
83-->src\main\AndroidManifest.xml:65:23-104
84            android:enabled="true"
84-->src\main\AndroidManifest.xml:67:17-39
85            android:excludeFromRecents="true"
85-->src\main\AndroidManifest.xml:68:17-50
86            android:exported="false" >
86-->src\main\AndroidManifest.xml:66:17-41
87            <meta-data
87-->src\main\AndroidManifest.xml:69:17-71:57
88                android:name="android.support.customtabs.trusted.MANAGE_SPACE_URL"
88-->src\main\AndroidManifest.xml:70:21-87
89                android:value="@string/launchUrl" />
89-->src\main\AndroidManifest.xml:71:21-54
90
91            <intent-filter>
91-->src\main\AndroidManifest.xml:72:17-75:33
92                <action android:name="android.intent.action.APPLICATION_PREFERENCES" />
92-->src\main\AndroidManifest.xml:73:21-92
92-->src\main\AndroidManifest.xml:73:29-89
93
94                <category android:name="android.intent.category.DEFAULT" />
94-->src\main\AndroidManifest.xml:74:21-80
94-->src\main\AndroidManifest.xml:74:31-77
95            </intent-filter>
96        </activity>
97        <activity
97-->src\main\AndroidManifest.xml:79:9-160:20
98            android:name="olh.zenchat.LauncherActivity"
98-->src\main\AndroidManifest.xml:79:19-50
99            android:alwaysRetainTaskState="true"
99-->src\main\AndroidManifest.xml:80:13-49
100            android:exported="true"
100-->src\main\AndroidManifest.xml:82:13-36
101            android:label="@string/launcherName" >
101-->src\main\AndroidManifest.xml:81:13-49
102            <meta-data
102-->src\main\AndroidManifest.xml:83:13-84:53
103                android:name="android.support.customtabs.trusted.DEFAULT_URL"
103-->src\main\AndroidManifest.xml:83:24-85
104                android:value="@string/launchUrl" />
104-->src\main\AndroidManifest.xml:84:17-50
105            <meta-data
105-->src\main\AndroidManifest.xml:86:13-88:58
106                android:name="android.support.customtabs.trusted.STATUS_BAR_COLOR"
106-->src\main\AndroidManifest.xml:87:17-83
107                android:resource="@color/colorPrimary" />
107-->src\main\AndroidManifest.xml:88:17-55
108            <meta-data
108-->src\main\AndroidManifest.xml:92:13-94:62
109                android:name="android.support.customtabs.trusted.STATUS_BAR_COLOR_DARK"
109-->src\main\AndroidManifest.xml:93:17-88
110                android:resource="@color/colorPrimaryDark" />
110-->src\main\AndroidManifest.xml:94:17-59
111            <meta-data
111-->src\main\AndroidManifest.xml:96:13-98:61
112                android:name="android.support.customtabs.trusted.NAVIGATION_BAR_COLOR"
112-->src\main\AndroidManifest.xml:97:17-87
113                android:resource="@color/navigationColor" />
113-->src\main\AndroidManifest.xml:98:17-58
114            <meta-data
114-->src\main\AndroidManifest.xml:100:13-102:65
115                android:name="android.support.customtabs.trusted.NAVIGATION_BAR_COLOR_DARK"
115-->src\main\AndroidManifest.xml:101:17-92
116                android:resource="@color/navigationColorDark" />
116-->src\main\AndroidManifest.xml:102:17-62
117            <meta-data
117-->src\main\AndroidManifest.xml:104:13-106:68
118                android:name="androix.browser.trusted.NAVIGATION_BAR_DIVIDER_COLOR"
118-->src\main\AndroidManifest.xml:105:17-84
119                android:resource="@color/navigationDividerColor" />
119-->src\main\AndroidManifest.xml:106:17-65
120            <meta-data
120-->src\main\AndroidManifest.xml:108:13-110:72
121                android:name="androix.browser.trusted.NAVIGATION_BAR_DIVIDER_COLOR_DARK"
121-->src\main\AndroidManifest.xml:109:17-89
122                android:resource="@color/navigationDividerColorDark" />
122-->src\main\AndroidManifest.xml:110:17-69
123            <meta-data
123-->src\main\AndroidManifest.xml:112:13-113:54
124                android:name="android.support.customtabs.trusted.SPLASH_IMAGE_DRAWABLE"
124-->src\main\AndroidManifest.xml:112:24-95
125                android:resource="@drawable/splash" />
125-->src\main\AndroidManifest.xml:113:17-52
126            <meta-data
126-->src\main\AndroidManifest.xml:115:13-116:60
127                android:name="android.support.customtabs.trusted.SPLASH_SCREEN_BACKGROUND_COLOR"
127-->src\main\AndroidManifest.xml:115:24-104
128                android:resource="@color/backgroundColor" />
128-->src\main\AndroidManifest.xml:116:17-58
129            <meta-data
129-->src\main\AndroidManifest.xml:118:13-119:71
130                android:name="android.support.customtabs.trusted.SPLASH_SCREEN_FADE_OUT_DURATION"
130-->src\main\AndroidManifest.xml:118:24-105
131                android:value="@integer/splashScreenFadeOutDuration" />
131-->src\main\AndroidManifest.xml:119:17-69
132            <meta-data
132-->src\main\AndroidManifest.xml:121:13-122:60
133                android:name="android.support.customtabs.trusted.FILE_PROVIDER_AUTHORITY"
133-->src\main\AndroidManifest.xml:121:24-97
134                android:value="@string/providerAuthority" />
134-->src\main\AndroidManifest.xml:122:17-58
135            <meta-data
135-->src\main\AndroidManifest.xml:124:13-97
136                android:name="android.app.shortcuts"
136-->src\main\AndroidManifest.xml:124:24-60
137                android:resource="@xml/shortcuts" />
137-->src\main\AndroidManifest.xml:124:61-94
138            <meta-data
138-->src\main\AndroidManifest.xml:126:13-127:56
139                android:name="android.support.customtabs.trusted.FALLBACK_STRATEGY"
139-->src\main\AndroidManifest.xml:126:24-91
140                android:value="@string/fallbackType" />
140-->src\main\AndroidManifest.xml:127:17-53
141            <meta-data
141-->src\main\AndroidManifest.xml:133:13-134:54
142                android:name="android.support.customtabs.trusted.SCREEN_ORIENTATION"
142-->src\main\AndroidManifest.xml:133:24-92
143                android:value="@string/orientation" />
143-->src\main\AndroidManifest.xml:134:17-52
144
145            <intent-filter>
145-->src\main\AndroidManifest.xml:142:13-145:29
146                <action android:name="android.intent.action.MAIN" />
146-->src\main\AndroidManifest.xml:143:17-69
146-->src\main\AndroidManifest.xml:143:25-66
147
148                <category android:name="android.intent.category.LAUNCHER" />
148-->src\main\AndroidManifest.xml:144:17-77
148-->src\main\AndroidManifest.xml:144:27-74
149            </intent-filter>
150            <intent-filter android:autoVerify="true" >
150-->src\main\AndroidManifest.xml:147:13-155:29
150-->src\main\AndroidManifest.xml:147:28-53
151                <action android:name="android.intent.action.VIEW" />
151-->src\main\AndroidManifest.xml:148:17-68
151-->src\main\AndroidManifest.xml:148:25-66
152
153                <category android:name="android.intent.category.DEFAULT" />
153-->src\main\AndroidManifest.xml:74:21-80
153-->src\main\AndroidManifest.xml:74:31-77
154                <category android:name="android.intent.category.BROWSABLE" />
154-->src\main\AndroidManifest.xml:150:17-77
154-->src\main\AndroidManifest.xml:150:27-75
155
156                <data
156-->src\main\AndroidManifest.xml:151:17-154:19
157                    android:host="@string/hostName"
157-->src\main\AndroidManifest.xml:152:21-52
158                    android:scheme="https" />
158-->src\main\AndroidManifest.xml:151:23-45
159            </intent-filter>
160        </activity>
161        <activity android:name="com.google.androidbrowserhelper.trusted.FocusActivity" />
161-->src\main\AndroidManifest.xml:162:9-90
161-->src\main\AndroidManifest.xml:162:19-87
162        <activity
162-->src\main\AndroidManifest.xml:164:9-165:62
163            android:name="com.google.androidbrowserhelper.trusted.WebViewFallbackActivity"
163-->src\main\AndroidManifest.xml:164:19-97
164            android:configChanges="orientation|screenSize" />
164-->src\main\AndroidManifest.xml:165:13-59
165
166        <provider
166-->src\main\AndroidManifest.xml:167:9-175:20
167            android:name="androidx.core.content.FileProvider"
167-->src\main\AndroidManifest.xml:168:13-62
168            android:authorities="@string/providerAuthority"
168-->src\main\AndroidManifest.xml:169:13-60
169            android:exported="false"
169-->src\main\AndroidManifest.xml:171:13-37
170            android:grantUriPermissions="true" >
170-->src\main\AndroidManifest.xml:170:13-47
171            <meta-data
171-->src\main\AndroidManifest.xml:172:13-174:53
172                android:name="android.support.FILE_PROVIDER_PATHS"
172-->src\main\AndroidManifest.xml:173:17-67
173                android:resource="@xml/filepaths" />
173-->src\main\AndroidManifest.xml:174:17-50
174        </provider>
175
176        <service
176-->src\main\AndroidManifest.xml:177:9-192:19
177            android:name="olh.zenchat.DelegationService"
177-->src\main\AndroidManifest.xml:178:13-46
178            android:enabled="@bool/enableNotification"
178-->src\main\AndroidManifest.xml:179:13-55
179            android:exported="@bool/enableNotification" >
179-->src\main\AndroidManifest.xml:180:13-56
180            <meta-data
180-->src\main\AndroidManifest.xml:183:17-185:73
181                android:name="android.support.customtabs.trusted.SMALL_ICON"
181-->src\main\AndroidManifest.xml:184:21-81
182                android:resource="@drawable/ic_notification_icon" />
182-->src\main\AndroidManifest.xml:185:21-70
183
184            <intent-filter>
184-->src\main\AndroidManifest.xml:188:13-191:29
185                <action android:name="android.support.customtabs.trusted.TRUSTED_WEB_ACTIVITY_SERVICE" />
185-->src\main\AndroidManifest.xml:189:17-105
185-->src\main\AndroidManifest.xml:189:25-103
186
187                <category android:name="android.intent.category.DEFAULT" />
187-->src\main\AndroidManifest.xml:74:21-80
187-->src\main\AndroidManifest.xml:74:31-77
188            </intent-filter>
189        </service>
190
191        <activity android:name="com.google.androidbrowserhelper.trusted.NotificationPermissionRequestActivity" />
191-->src\main\AndroidManifest.xml:195:13-118
191-->src\main\AndroidManifest.xml:195:23-115
192        <activity
192-->src\main\AndroidManifest.xml:200:9-213:20
193            android:name="com.google.androidbrowserhelper.playbilling.provider.PaymentActivity"
193-->src\main\AndroidManifest.xml:201:13-96
194            android:configChanges="keyboardHidden|keyboard|orientation|screenLayout|screenSize"
194-->src\main\AndroidManifest.xml:203:13-96
195            android:exported="true"
195-->src\main\AndroidManifest.xml:204:13-36
196            android:theme="@android:style/Theme.Translucent.NoTitleBar" >
196-->src\main\AndroidManifest.xml:202:13-72
197            <intent-filter>
197-->src\main\AndroidManifest.xml:206:13-208:29
198                <action android:name="org.chromium.intent.action.PAY" />
198-->src\main\AndroidManifest.xml:207:17-73
198-->src\main\AndroidManifest.xml:207:25-70
199            </intent-filter>
200
201            <meta-data
201-->src\main\AndroidManifest.xml:210:13-212:67
202                android:name="org.chromium.default_payment_method_name"
202-->src\main\AndroidManifest.xml:211:17-72
203                android:value="https://play.google.com/billing" />
203-->src\main\AndroidManifest.xml:212:17-64
204        </activity>
205
206        <!-- This service checks who calls it at runtime. -->
207        <service
207-->src\main\AndroidManifest.xml:216:9-222:19
208            android:name="com.google.androidbrowserhelper.playbilling.provider.PaymentService"
208-->src\main\AndroidManifest.xml:217:13-95
209            android:exported="true" >
209-->src\main\AndroidManifest.xml:218:13-36
210            <intent-filter>
210-->src\main\AndroidManifest.xml:219:13-221:29
211                <action android:name="org.chromium.intent.action.IS_READY_TO_PAY" />
211-->src\main\AndroidManifest.xml:220:17-85
211-->src\main\AndroidManifest.xml:220:25-82
212            </intent-filter>
213        </service>
214
215        <meta-data
215-->[com.android.billingclient:billing:7.1.1] AndroidManifest.xml:22:9-24:37
216            android:name="com.google.android.play.billingclient.version"
216-->[com.android.billingclient:billing:7.1.1] AndroidManifest.xml:23:13-73
217            android:value="7.1.1" />
217-->[com.android.billingclient:billing:7.1.1] AndroidManifest.xml:24:13-34
218
219        <activity
219-->[com.android.billingclient:billing:7.1.1] AndroidManifest.xml:26:9-30:75
220            android:name="com.android.billingclient.api.ProxyBillingActivity"
220-->[com.android.billingclient:billing:7.1.1] AndroidManifest.xml:27:13-78
221            android:configChanges="keyboard|keyboardHidden|screenLayout|screenSize|orientation"
221-->[com.android.billingclient:billing:7.1.1] AndroidManifest.xml:28:13-96
222            android:exported="false"
222-->[com.android.billingclient:billing:7.1.1] AndroidManifest.xml:29:13-37
223            android:theme="@android:style/Theme.Translucent.NoTitleBar" />
223-->[com.android.billingclient:billing:7.1.1] AndroidManifest.xml:30:13-72
224        <activity
224-->[com.android.billingclient:billing:7.1.1] AndroidManifest.xml:31:9-35:75
225            android:name="com.android.billingclient.api.ProxyBillingActivityV2"
225-->[com.android.billingclient:billing:7.1.1] AndroidManifest.xml:32:13-80
226            android:configChanges="keyboard|keyboardHidden|screenLayout|screenSize|orientation"
226-->[com.android.billingclient:billing:7.1.1] AndroidManifest.xml:33:13-96
227            android:exported="false"
227-->[com.android.billingclient:billing:7.1.1] AndroidManifest.xml:34:13-37
228            android:theme="@android:style/Theme.Translucent.NoTitleBar" />
228-->[com.android.billingclient:billing:7.1.1] AndroidManifest.xml:35:13-72
229        <activity
229-->[com.google.android.gms:play-services-base:18.5.0] AndroidManifest.xml:5:9-173
230            android:name="com.google.android.gms.common.api.GoogleApiActivity"
230-->[com.google.android.gms:play-services-base:18.5.0] AndroidManifest.xml:5:19-85
231            android:exported="false"
231-->[com.google.android.gms:play-services-base:18.5.0] AndroidManifest.xml:5:146-170
232            android:theme="@android:style/Theme.Translucent.NoTitleBar" />
232-->[com.google.android.gms:play-services-base:18.5.0] AndroidManifest.xml:5:86-145
233
234        <meta-data
234-->[com.google.android.gms:play-services-basement:18.4.0] AndroidManifest.xml:6:9-122
235            android:name="com.google.android.gms.version"
235-->[com.google.android.gms:play-services-basement:18.4.0] AndroidManifest.xml:6:20-65
236            android:value="@integer/google_play_services_version" />
236-->[com.google.android.gms:play-services-basement:18.4.0] AndroidManifest.xml:6:66-119
237
238        <provider
238-->[androidx.emoji2:emoji2:1.3.0] AndroidManifest.xml:24:9-32:20
239            android:name="androidx.startup.InitializationProvider"
239-->[androidx.emoji2:emoji2:1.3.0] AndroidManifest.xml:25:13-67
240            android:authorities="olh.zenchat.androidx-startup"
240-->[androidx.emoji2:emoji2:1.3.0] AndroidManifest.xml:26:13-68
241            android:exported="false" >
241-->[androidx.emoji2:emoji2:1.3.0] AndroidManifest.xml:27:13-37
242            <meta-data
242-->[androidx.emoji2:emoji2:1.3.0] AndroidManifest.xml:29:13-31:52
243                android:name="androidx.emoji2.text.EmojiCompatInitializer"
243-->[androidx.emoji2:emoji2:1.3.0] AndroidManifest.xml:30:17-75
244                android:value="androidx.startup" />
244-->[androidx.emoji2:emoji2:1.3.0] AndroidManifest.xml:31:17-49
245            <meta-data
245-->[androidx.lifecycle:lifecycle-process:2.6.2] AndroidManifest.xml:29:13-31:52
246                android:name="androidx.lifecycle.ProcessLifecycleInitializer"
246-->[androidx.lifecycle:lifecycle-process:2.6.2] AndroidManifest.xml:30:17-78
247                android:value="androidx.startup" />
247-->[androidx.lifecycle:lifecycle-process:2.6.2] AndroidManifest.xml:31:17-49
248            <meta-data
248-->[androidx.profileinstaller:profileinstaller:1.3.1] AndroidManifest.xml:29:13-31:52
249                android:name="androidx.profileinstaller.ProfileInstallerInitializer"
249-->[androidx.profileinstaller:profileinstaller:1.3.1] AndroidManifest.xml:30:17-85
250                android:value="androidx.startup" />
250-->[androidx.profileinstaller:profileinstaller:1.3.1] AndroidManifest.xml:31:17-49
251        </provider>
252
253        <service
253-->[com.google.android.datatransport:transport-backend-cct:3.1.8] AndroidManifest.xml:28:9-34:19
254            android:name="com.google.android.datatransport.runtime.backends.TransportBackendDiscovery"
254-->[com.google.android.datatransport:transport-backend-cct:3.1.8] AndroidManifest.xml:29:13-103
255            android:exported="false" >
255-->[com.google.android.datatransport:transport-backend-cct:3.1.8] AndroidManifest.xml:30:13-37
256            <meta-data
256-->[com.google.android.datatransport:transport-backend-cct:3.1.8] AndroidManifest.xml:31:13-33:39
257                android:name="backend:com.google.android.datatransport.cct.CctBackendFactory"
257-->[com.google.android.datatransport:transport-backend-cct:3.1.8] AndroidManifest.xml:32:17-94
258                android:value="cct" />
258-->[com.google.android.datatransport:transport-backend-cct:3.1.8] AndroidManifest.xml:33:17-36
259        </service>
260        <service
260-->[com.google.android.datatransport:transport-runtime:3.1.8] AndroidManifest.xml:26:9-30:19
261            android:name="com.google.android.datatransport.runtime.scheduling.jobscheduling.JobInfoSchedulerService"
261-->[com.google.android.datatransport:transport-runtime:3.1.8] AndroidManifest.xml:27:13-117
262            android:exported="false"
262-->[com.google.android.datatransport:transport-runtime:3.1.8] AndroidManifest.xml:28:13-37
263            android:permission="android.permission.BIND_JOB_SERVICE" >
263-->[com.google.android.datatransport:transport-runtime:3.1.8] AndroidManifest.xml:29:13-69
264        </service>
265
266        <receiver
266-->[com.google.android.datatransport:transport-runtime:3.1.8] AndroidManifest.xml:32:9-34:40
267            android:name="com.google.android.datatransport.runtime.scheduling.jobscheduling.AlarmManagerSchedulerBroadcastReceiver"
267-->[com.google.android.datatransport:transport-runtime:3.1.8] AndroidManifest.xml:33:13-132
268            android:exported="false" />
268-->[com.google.android.datatransport:transport-runtime:3.1.8] AndroidManifest.xml:34:13-37
269        <receiver
269-->[androidx.profileinstaller:profileinstaller:1.3.1] AndroidManifest.xml:34:9-52:20
270            android:name="androidx.profileinstaller.ProfileInstallReceiver"
270-->[androidx.profileinstaller:profileinstaller:1.3.1] AndroidManifest.xml:35:13-76
271            android:directBootAware="false"
271-->[androidx.profileinstaller:profileinstaller:1.3.1] AndroidManifest.xml:36:13-44
272            android:enabled="true"
272-->[androidx.profileinstaller:profileinstaller:1.3.1] AndroidManifest.xml:37:13-35
273            android:exported="true"
273-->[androidx.profileinstaller:profileinstaller:1.3.1] AndroidManifest.xml:38:13-36
274            android:permission="android.permission.DUMP" >
274-->[androidx.profileinstaller:profileinstaller:1.3.1] AndroidManifest.xml:39:13-57
275            <intent-filter>
275-->[androidx.profileinstaller:profileinstaller:1.3.1] AndroidManifest.xml:40:13-42:29
276                <action android:name="androidx.profileinstaller.action.INSTALL_PROFILE" />
276-->[androidx.profileinstaller:profileinstaller:1.3.1] AndroidManifest.xml:41:17-91
276-->[androidx.profileinstaller:profileinstaller:1.3.1] AndroidManifest.xml:41:25-88
277            </intent-filter>
278            <intent-filter>
278-->[androidx.profileinstaller:profileinstaller:1.3.1] AndroidManifest.xml:43:13-45:29
279                <action android:name="androidx.profileinstaller.action.SKIP_FILE" />
279-->[androidx.profileinstaller:profileinstaller:1.3.1] AndroidManifest.xml:44:17-85
279-->[androidx.profileinstaller:profileinstaller:1.3.1] AndroidManifest.xml:44:25-82
280            </intent-filter>
281            <intent-filter>
281-->[androidx.profileinstaller:profileinstaller:1.3.1] AndroidManifest.xml:46:13-48:29
282                <action android:name="androidx.profileinstaller.action.SAVE_PROFILE" />
282-->[androidx.profileinstaller:profileinstaller:1.3.1] AndroidManifest.xml:47:17-88
282-->[androidx.profileinstaller:profileinstaller:1.3.1] AndroidManifest.xml:47:25-85
283            </intent-filter>
284            <intent-filter>
284-->[androidx.profileinstaller:profileinstaller:1.3.1] AndroidManifest.xml:49:13-51:29
285                <action android:name="androidx.profileinstaller.action.BENCHMARK_OPERATION" />
285-->[androidx.profileinstaller:profileinstaller:1.3.1] AndroidManifest.xml:50:17-95
285-->[androidx.profileinstaller:profileinstaller:1.3.1] AndroidManifest.xml:50:25-92
286            </intent-filter>
287        </receiver>
288    </application>
289
290</manifest>